2015-04-25 21:21:49 [-][-][-][error][yii\console\Exception] exception 'yii\console\Exception' with message 'Missing required arguments: name' in /var/www/plush/vendor/yiisoft/yii2/console/Controller.php:129
Stack trace:
#0 /var/www/plush/vendor/yiisoft/yii2/base/InlineAction.php(49): yii\console\Controller->bindActionParams(Object(yii\base\InlineAction), Array)
#1 /var/www/plush/vendor/yiisoft/yii2/base/Controller.php(151): yii\base\InlineAction->runWithParams(Array)
#2 /var/www/plush/vendor/yiisoft/yii2/console/Controller.php(91): yii\base\Controller->runAction('create', Array)
#3 /var/www/plush/vendor/yiisoft/yii2/base/Module.php(455): yii\console\Controller->runAction('create', Array)
#4 /var/www/plush/vendor/yiisoft/yii2/console/Application.php(161): yii\base\Module->runAction('migrate/create', Array)
#5 /var/www/plush/vendor/yiisoft/yii2/console/Application.php(137): yii\console\Application->runAction('migrate/create', Array)
#6 /var/www/plush/vendor/yiisoft/yii2/base/Application.php(375): yii\console\Application->handleRequest(Object(yii\console\Request))
#7 /var/www/plush/yii(23): yii\base\Application->run()
#8 {main}
2015-04-25 21:21:49 [-][-][-][info][application] $_SERVER = [
    'XDG_VTNR' => '8'
    'INFINALITY_FT_AUTOHINT_HORIZONTAL_STEM_DARKEN_STRENGTH' => '10'
    'XDG_SESSION_ID' => 'c1'
    'SSH_AGENT_PID' => '2120'
    'GLADE_PIXMAP_PATH' => ':'
    'ANDROID_HOME' => '/home/dimka/Android/Sdk'
    'XDG_MENU_PREFIX' => 'xfce-'
    'TERM' => 'xterm-256color'
    'SHELL' => '/bin/bash'
    'INFINALITY_FT_BOLD_EMBOLDEN_X_VALUE' => '0'
    'INFINALITY_FT_AUTOHINT_VERTICAL_STEM_DARKEN_STRENGTH' => '25'
    'XDG_SESSION_COOKIE' => '71f475c52c2c0238d19a2f3d5478e090-1429975795.701506-46294349'
    'INFINALITY_FT_CONTRAST' => '0'
    'USER' => 'dimka'
    'INFINALITY_FT_GRAYSCALE_FILTER_STRENGTH' => '0'
    'LS_COLORS' => 'rs=0:di=01;34:ln=01;36:mh=00:pi=40;33:so=01;35:do=01;35:bd=40;33;01:cd=40;33;01:or=40;31;01:su=37;41:sg=30;43:ca=30;41:tw=30;42:ow=34;42:st=37;44:ex=01;32:*.tar=01;31:*.tgz=01;31:*.arj=01;31:*.taz=01;31:*.lzh=01;31:*.lzma=01;31:*.tlz=01;31:*.txz=01;31:*.zip=01;31:*.z=01;31:*.Z=01;31:*.dz=01;31:*.gz=01;31:*.lz=01;31:*.xz=01;31:*.bz2=01;31:*.bz=01;31:*.tbz=01;31:*.tbz2=01;31:*.tz=01;31:*.deb=01;31:*.rpm=01;31:*.jar=01;31:*.war=01;31:*.ear=01;31:*.sar=01;31:*.rar=01;31:*.ace=01;31:*.zoo=01;31:*.cpio=01;31:*.7z=01;31:*.rz=01;31:*.jpg=01;35:*.jpeg=01;35:*.gif=01;35:*.bmp=01;35:*.pbm=01;35:*.pgm=01;35:*.ppm=01;35:*.tga=01;35:*.xbm=01;35:*.xpm=01;35:*.tif=01;35:*.tiff=01;35:*.png=01;35:*.svg=01;35:*.svgz=01;35:*.mng=01;35:*.pcx=01;35:*.mov=01;35:*.mpg=01;35:*.mpeg=01;35:*.m2v=01;35:*.mkv=01;35:*.webm=01;35:*.ogm=01;35:*.mp4=01;35:*.m4v=01;35:*.mp4v=01;35:*.vob=01;35:*.qt=01;35:*.nuv=01;35:*.wmv=01;35:*.asf=01;35:*.rm=01;35:*.rmvb=01;35:*.flc=01;35:*.avi=01;35:*.fli=01;35:*.flv=01;35:*.gl=01;35:*.dl=01;35:*.xcf=01;35:*.xwd=01;35:*.yuv=01;35:*.cgm=01;35:*.emf=01;35:*.axv=01;35:*.anx=01;35:*.ogv=01;35:*.ogx=01;35:*.aac=00;36:*.au=00;36:*.flac=00;36:*.mid=00;36:*.midi=00;36:*.mka=00;36:*.mp3=00;36:*.mpc=00;36:*.ogg=00;36:*.ra=00;36:*.wav=00;36:*.axa=00;36:*.oga=00;36:*.spx=00;36:*.xspf=00;36:'
    'LD_LIBRARY_PATH' => '/opt/PhpStorm-138.1505/bin:'
    'GLADE_MODULE_PATH' => ':'
    'SSH_AUTH_SOCK' => '/tmp/ssh-iqMynddVV2BK/agent.1750'
    'INFINALITY_FT_FRINGE_FILTER_STRENGTH' => '0'
    'INFINALITY_FT_BRIGHTNESS' => '0'
    'INFINALITY_FT_USE_VARIOUS_TWEAKS' => 'true'
    'USERNAME' => 'dimka'
    'SESSION_MANAGER' => 'local/F-1:@/tmp/.ICE-unix/2477,unix/F-1:/tmp/.ICE-unix/2477'
    'DEFAULTS_PATH' => '/usr/share/gconf/default.default.path'
    'INFINALITY_FT_GAMMA_CORRECTION' => '0 100'
    'XDG_CONFIG_DIRS' => '/etc/xdg/xdg-default:/etc/xdg:/etc/xdg'
    'NLSPATH' => '/usr/dt/lib/nls/msg/%L/%N.cat'
    'DESKTOP_SESSION' => 'default'
    'PATH' => '/opt/glassfish4/bin:/usr/local/sbin:/usr/local/bin:/usr/sbin:/usr/bin:/sbin:/bin:/usr/games:/usr/local/games:/home/dimka/Android/Sdk/tools:/home/dimka/Android/Sdk/platform-tools:/home/dimka/Android/Sdk/tools:/home/dimka/Android/Sdk/platform-tools'
    'GDM_XSERVER_LOCATION' => 'local'
    'PWD' => '/var/www/plush'
    'INFINALITY_FT_FILTER_PARAMS' => '11 22 38 22 11'
    'LANG' => 'uk_UA.UTF-8'
    'INFINALITY_FT_STEM_SNAPPING_SLIDING_SCALE' => '40'
    'INFINALITY_FT_USE_KNOWN_SETTINGS_ON_SELECTED_FONTS' => 'true'
    'MANDATORY_PATH' => '/usr/share/gconf/default.mandatory.path'
    'NODE_PATH' => '/usr/lib/nodejs:/usr/lib/node_modules:/usr/share/javascript'
    'INFINALITY_FT_WINDOWS_STYLE_SHARPENING_STRENGTH' => '10'
    'INFINALITY_FT_CHROMEOS_STYLE_SHARPENING_STRENGTH' => '0'
    'XFILESEARCHPATH' => '/usr/dt/app-defaults/%L/Dt'
    'INFINALITY_FT_STEM_ALIGNMENT_STRENGTH' => '25'
    'INFINALITY_FT_AUTOHINT_SNAP_STEM_HEIGHT' => '100'
    'MDM_XSERVER_LOCATION' => 'local'
    'GDMSESSION' => 'default'
    'SHLVL' => '1'
    'HOME' => '/home/dimka'
    'XDG_SEAT' => 'seat0'
    'INFINALITY_FT_BOLD_EMBOLDEN_Y_VALUE' => '0'
    'INFINALITY_FT_GLOBAL_EMBOLDEN_Y_VALUE' => '0'
    'XDG_SESSION_DESKTOP' => 'default'
    'CUR_WIDTH' => '0'
    'LOGNAME' => 'dimka'
    'CLASSPATH' => '/opt/PhpStorm-138.1505/bin/../lib/bootstrap.jar:/opt/PhpStorm-138.1505/bin/../lib/extensions.jar:/opt/PhpStorm-138.1505/bin/../lib/util.jar:/opt/PhpStorm-138.1505/bin/../lib/jdom.jar:/opt/PhpStorm-138.1505/bin/../lib/log4j.jar:/opt/PhpStorm-138.1505/bin/../lib/trove4j.jar:/opt/PhpStorm-138.1505/bin/../lib/jna.jar'
    'DBUS_SESSION_BUS_ADDRESS' => 'unix:abstract=/tmp/dbus-OBWrrHHJn5,guid=7468e9c4ff85b1d1e5d1861e553bb2f4'
    'XDG_DATA_DIRS' => '/usr/share/default:/usr/share/xfce4:/usr/local/share/:/usr/share/:/usr/share/mdm/:/usr/share'
    'INFINALITY_FT_STEM_FITTING_STRENGTH' => '25'
    'MDMSESSION' => 'default'
    'INFINALITY_FT_AUTOHINT_INCREASE_GLYPH_HEIGHTS' => 'true'
    'WINDOWPATH' => '8'
    'TEXTDOMAIN' => 'im-config'
    'XDG_RUNTIME_DIR' => '/run/user/1000'
    'DISPLAY' => ':0.0'
    'INFINALITY_FT_GLOBAL_EMBOLDEN_X_VALUE' => '0'
    'MDM_LANG' => 'uk_UA.UTF-8'
    'GLADE_CATALOG_PATH' => ':'
    'XDG_CURRENT_DESKTOP' => 'XFCE'
    'TEXTDOMAINDIR' => '/usr/share/locale/'
    'XAUTHORITY' => '/home/dimka/.Xauthority'
    '_' => '/usr/bin/php'
    'PHP_SELF' => 'yii'
    'SCRIPT_NAME' => 'yii'
    'SCRIPT_FILENAME' => 'yii'
    'PATH_TRANSLATED' => 'yii'
    'DOCUMENT_ROOT' => ''
    'REQUEST_TIME_FLOAT' => 1429996909.8131
    'REQUEST_TIME' => 1429996909
    'argv' => [
        0 => 'yii'
        1 => 'migrate/create'
    ]
    'argc' => 2
]
